<?xml version="1.0" encoding="UTF-8"?>
<!-- Generated by org.testng.reporters.JUnitXMLReporter -->
<testsuite ignored="0" hostname="WARNER" failures="0" tests="10" name="Default test" time="16.118" errors="0" timestamp="2024-12-19T15:30:02 IST">
  <testcase classname="com.Telecom.TelecomAPIs" name="AddNewUser" time="3.841"/>
  <testcase classname="com.Telecom.TelecomAPIs" name="GetUserProfile" time="1.394"/>
  <testcase classname="com.Telecom.TelecomAPIs" name="UpdateUser" time="1.241"/>
  <testcase classname="com.Telecom.TelecomAPIs" name="LoginUser" time="1.387"/>
  <testcase classname="com.Telecom.TelecomAPIs" name="AddContact" time="1.387"/>
  <testcase classname="com.Telecom.TelecomAPIs" name="GetContactList" time="1.423"/>
  <testcase classname="com.Telecom.TelecomAPIs" name="GetContact" time="1.154"/>
  <testcase classname="com.Telecom.TelecomAPIs" name="UpdateContact" time="1.404"/>
  <testcase classname="com.Telecom.TelecomAPIs" name="UpdateContact2" time="1.386"/>
  <testcase classname="com.Telecom.TelecomAPIs" name="LogOut" time="1.427"/>
</testsuite> <!-- Default test -->
